Arguments: 
  /usr/local/bin/node /usr/share/yarn/bin/yarn.js add -D ddtrace

PATH: 
  /home/gustavo/.zinit/polaris/bin:/usr/local/sbin:/usr/local/bin:/usr/sbin:/usr/bin:/sbin:/bin:/usr/games:/usr/local/games:/snap/bin:/home/gustavo/Android/Sdk/emulator:/home/gustavo/Android/Sdk/tools:/home/gustavo/Android/Sdk/tools/bin:/home/gustavo/Android/Sdk/platform-tools:/home/gustavo/android-studio/bin:/home/gustavo/Android/Sdk/emulator:/home/gustavo/Android/Sdk/tools:/home/gustavo/Android/Sdk/tools/bin:/home/gustavo/Android/Sdk/platform-tools:/home/gustavo/android-studio/bin

Yarn version: 
  1.22.5

Node version: 
  16.11.1

Platform: 
  linux x64

Trace: 
  Error: https://registry.yarnpkg.com/ddtrace: Not found
      at Request.params.callback [as _callback] (/usr/share/yarn/lib/cli.js:66988:18)
      at Request.self.callback (/usr/share/yarn/lib/cli.js:140749:22)
      at Request.emit (node:events:390:28)
      at Request.<anonymous> (/usr/share/yarn/lib/cli.js:141721:10)
      at Request.emit (node:events:390:28)
      at IncomingMessage.<anonymous> (/usr/share/yarn/lib/cli.js:141643:12)
      at Object.onceWrapper (node:events:509:28)
      at IncomingMessage.emit (node:events:402:35)
      at endReadableNT (node:internal/streams/readable:1343:12)
      at processTicksAndRejections (node:internal/process/task_queues:83:21)

npm manifest: 
  {
    "name": "datadog",
    "version": "1.0.0",
    "main": "index.js",
    "repository": "https://github.com/gustavo-evaristo/datadog.git",
    "author": "gustavo-evaristo <gug.henri1@gmail.com>",
    "license": "MIT"
  }

yarn manifest: 
  No manifest

Lockfile: 
  No lockfile
